deduction theorem: Γ ⊢ (a*b)>a <=> Γ U {a*b} ⊢ a
1. axiom: (A>(B>C))>((A>B)>(A>C))
2. axiom: A>(B>A)
3. axiom: (!A>!B)>((!A>B)>A)
4. mp(2,1): (A>B)>(A>A)
5. mp(1,1): ((A>(B>C))>(A>B))>((A>(B>C))>(A>C))
6. mp(2,2): A>(B>(C>B))
7. mp(4,5): (A>(A>B))>(A>B)
8. mp(3,2): A>((!B>!C)>((!B>C)>B))
9. mp(6,5): (A>((B>A)>C))>(A>C)
10. mp(4,4): (A>B)>(A>B)
11. mp(6,1): (A>B)>(A>(C>B))
12. mp(7,1): ((A>(A>B))>A)>((A>(A>B))>B)
13. mp(8,9): !A>((!B>A)>B)
14. mp(8,1): (A>(!B>!C))>(A>((!B>C)>B))
15. mp(10,11): (A>B)>(C>(A>B))
16. mp(6,12): ((A>(B>A))>((A>(B>A))>C))>C
17. mp(13,14): !A>(((B>A)>B)>(B*!A))
18. mp(9,14): (!A>((B>!A)>!C))>((!A>C)>A)
19. mp(15,16): A>(B>C)
20. mp(17,18): (!A>(!A>A))>A
21. mp(19,20): A
change variables: A
A -> a
proved: a

