deduction theorem: Γ ⊢ (a>c)>((b>c)>((!a>b)>c)) <=> Γ U {a>c} ⊢ (b>c)>((!a>b)>c)
deduction theorem: Γ ⊢ (b>c)>((!a>b)>c) <=> Γ U {b>c} ⊢ (!a>b)>c
deduction theorem: Γ ⊢ (!a>b)>c <=> Γ U {!a>b} ⊢ c
1. axiom: (A>(B>C))>((A>B)>(A>C))
2. axiom: b>c
3. axiom: (!A>!B)>((!A>B)>A)
4. axiom: A>(B>A)
5. mp(4,1): (A>B)>(A>A)
6. mp(4,4): A>(B>(C>B))
7. mp(6,8): (A>((B>A)>C))>(A>C)
8. mp(1,1): ((A>(B>C))>(A>B))>((A>(B>C))>(A>C))
9. mp(1,4): A>((B>(C>D))>((B>C)>(B>D)))
10. mp(1,5): (A>(B>C))>(A>(B>C))
11. mp(2,3): (b>!c)>!b
12. mp(6,7): A>(B>(C>A))
13. mp(9,7): (A>B)>((C>A)>(C>B))
14. mp(3,4): A>((!B>!C)>((!B>C)>B))
15. mp(10,1): ((A>(B>C))>A)>((A>(B>C))>(B>C))
16. mp(11,12): A>(B>((b>!c)>!b))
17. mp(7,13): (A>(B>((C>B)>D)))>(A>(B>D))
18. mp(14,15): (((!A>!B)>((!A>B)>A))>(C>D))>(C>D)
19. mp(16,17): A>(!c>!b)
20. mp(1,18): ((!A>!B)>(!C>B))>((!A>!B)>C)
21. mp(19,20): (!A>b)>c
change variables: (!A>b)>c
A -> a
proved: (!a>b)>c

